[debug] [2021-04-29T19:38:49.222Z] ----------------------------------------------------------------------
[debug] [2021-04-29T19:38:49.229Z] Command:       C:\Program Files\nodejs\node.exe C:\Users\ptcl\AppData\Roaming\npm\node_modules\firebase-tools\lib\bin\firebase.js login
[debug] [2021-04-29T19:38:49.230Z] CLI Version:   9.10.0
[debug] [2021-04-29T19:38:49.230Z] Platform:      win32
[debug] [2021-04-29T19:38:49.230Z] Node Version:  v12.16.1
[debug] [2021-04-29T19:38:49.233Z] Time:          Fri Apr 30 2021 00:38:49 GMT+0500 (Pakistan Standard Time)
[debug] [2021-04-29T19:38:49.234Z] ----------------------------------------------------------------------
[debug] 
[info] i  Firebase optionally collects CLI usage and error reporting information to help improve our products. Data is collected in accordance with Google's privacy policy (https://policies.google.com/privacy) and is not used to identify you.
 
[info] i  To change your data collection preference at any time, run `firebase logout` and log in again. 
[info] 
[info] Visit this URL on this device to log in:
[info] https://accounts.google.com/o/oauth2/auth?client_id=563584335869-fgrhgmd47bqnekij5i8b5pr03ho849e6.apps.googleusercontent.com&scope=email%20openid%20https%3A%2F%2Fwww.googleapis.com%2Fauth%2Fcloudplatformprojects.readonly%20https%3A%2F%2Fwww.googleapis.com%2Fauth%2Ffirebase%20https%3A%2F%2Fwww.googleapis.com%2Fauth%2Fcloud-platform&response_type=code&state=1070224766&redirect_uri=http%3A%2F%2Flocalhost%3A9005
[info] 
[info] Waiting for authentication...
[debug] [2021-04-29T19:38:57.873Z] Error: spawn cmd ENOENT
    at Process.ChildProcess._handle.onexit (internal/child_process.js:267:19)
    at onErrorNT (internal/child_process.js:469:16)
    at processTicksAndRejections (internal/process/task_queues.js:84:21)
[error] 
[error] Error: An unexpected error has occurred.
[debug] [2021-04-29T19:41:15.452Z] ----------------------------------------------------------------------
[debug] [2021-04-29T19:41:15.465Z] Command:       C:\Program Files\nodejs\node.exe C:\Users\ptcl\AppData\Roaming\npm\node_modules\firebase-tools\lib\bin\firebase.js login
[debug] [2021-04-29T19:41:15.467Z] CLI Version:   9.10.0
[debug] [2021-04-29T19:41:15.467Z] Platform:      win32
[debug] [2021-04-29T19:41:15.468Z] Node Version:  v12.16.1
[debug] [2021-04-29T19:41:15.472Z] Time:          Fri Apr 30 2021 00:41:15 GMT+0500 (Pakistan Standard Time)
[debug] [2021-04-29T19:41:15.475Z] ----------------------------------------------------------------------
[debug] 
[info] i  Firebase optionally collects CLI usage and error reporting information to help improve our products. Data is collected in accordance with Google's privacy policy (https://policies.google.com/privacy) and is not used to identify you.
 
[info] i  To change your data collection preference at any time, run `firebase logout` and log in again. 
[info] 
[info] Visit this URL on this device to log in:
[info] https://accounts.google.com/o/oauth2/auth?client_id=563584335869-fgrhgmd47bqnekij5i8b5pr03ho849e6.apps.googleusercontent.com&scope=email%20openid%20https%3A%2F%2Fwww.googleapis.com%2Fauth%2Fcloudplatformprojects.readonly%20https%3A%2F%2Fwww.googleapis.com%2Fauth%2Ffirebase%20https%3A%2F%2Fwww.googleapis.com%2Fauth%2Fcloud-platform&response_type=code&state=493102079&redirect_uri=http%3A%2F%2Flocalhost%3A9005
[info] 
[info] Waiting for authentication...
[debug] [2021-04-29T19:41:19.826Z] Error: spawn cmd ENOENT
    at Process.ChildProcess._handle.onexit (internal/child_process.js:267:19)
    at onErrorNT (internal/child_process.js:469:16)
    at processTicksAndRejections (internal/process/task_queues.js:84:21)
[error] 
[error] Error: An unexpected error has occurred.
[debug] [2021-05-03T18:31:45.699Z] ----------------------------------------------------------------------
[debug] [2021-05-03T18:31:45.712Z] Command:       C:\Program Files\nodejs\node.exe C:\Users\ptcl\AppData\Roaming\npm\node_modules\firebase-tools\lib\bin\firebase.js login
[debug] [2021-05-03T18:31:45.713Z] CLI Version:   9.10.0
[debug] [2021-05-03T18:31:45.714Z] Platform:      win32
[debug] [2021-05-03T18:31:45.714Z] Node Version:  v12.16.1
[debug] [2021-05-03T18:31:45.719Z] Time:          Mon May 03 2021 23:31:45 GMT+0500 (Pakistan Standard Time)
[debug] [2021-05-03T18:31:45.720Z] ----------------------------------------------------------------------
[debug] 
[debug] [2021-05-03T18:31:45.779Z] >>> [apiv2][query] GET https://firebase-public.firebaseio.com/cli.json [none]
[info] i  Firebase optionally collects CLI usage and error reporting information to help improve our products. Data is collected in accordance with Google's privacy policy (https://policies.google.com/privacy) and is not used to identify you.
 
[debug] [2021-05-03T18:31:47.183Z] <<< [apiv2][status] GET https://firebase-public.firebaseio.com/cli.json 200
[debug] [2021-05-03T18:31:47.185Z] <<< [apiv2][body] GET https://firebase-public.firebaseio.com/cli.json {"cloudBuildErrorAfter":1594252800000,"cloudBuildWarnAfter":1590019200000,"defaultNode10After":1594252800000,"minVersion":"3.0.5","node8DeploysDisabledAfter":1613390400000,"node8RuntimeDisabledAfter":1615809600000,"node8WarnAfter":1600128000000}
[info] i  To change your data collection preference at any time, run `firebase logout` and log in again. 
[info] 
[info] Visit this URL on this device to log in:
[info] https://accounts.google.com/o/oauth2/auth?client_id=563584335869-fgrhgmd47bqnekij5i8b5pr03ho849e6.apps.googleusercontent.com&scope=email%20openid%20https%3A%2F%2Fwww.googleapis.com%2Fauth%2Fcloudplatformprojects.readonly%20https%3A%2F%2Fwww.googleapis.com%2Fauth%2Ffirebase%20https%3A%2F%2Fwww.googleapis.com%2Fauth%2Fcloud-platform&response_type=code&state=66989197&redirect_uri=http%3A%2F%2Flocalhost%3A9005
[info] 
[info] Waiting for authentication...
[debug] [2021-05-03T18:31:51.463Z] Error: spawn cmd ENOENT
    at Process.ChildProcess._handle.onexit (internal/child_process.js:267:19)
    at onErrorNT (internal/child_process.js:469:16)
    at processTicksAndRejections (internal/process/task_queues.js:84:21)
[error] 
[error] Error: An unexpected error has occurred.
